mode: set
github.com/gabrielksneiva/blockchains-utils/infra/eventbus/eventbus.go:17.36,22.2 1 1
github.com/gabrielksneiva/blockchains-utils/infra/eventbus/eventbus.go:24.89,26.34 2 1
github.com/gabrielksneiva/blockchains-utils/infra/eventbus/eventbus.go:26.34,29.3 2 1
github.com/gabrielksneiva/blockchains-utils/infra/eventbus/eventbus.go:30.2,34.26 4 1
github.com/gabrielksneiva/blockchains-utils/infra/eventbus/eventbus.go:34.26,36.31 1 1
github.com/gabrielksneiva/blockchains-utils/infra/eventbus/eventbus.go:36.31,36.47 1 1
github.com/gabrielksneiva/blockchains-utils/infra/eventbus/eventbus.go:40.109,46.19 5 1
github.com/gabrielksneiva/blockchains-utils/infra/eventbus/eventbus.go:46.19,50.26 4 1
github.com/gabrielksneiva/blockchains-utils/infra/eventbus/eventbus.go:50.26,51.15 1 1
github.com/gabrielksneiva/blockchains-utils/infra/eventbus/eventbus.go:51.15,54.10 3 1
github.com/gabrielksneiva/blockchains-utils/infra/eventbus/eventbus.go:58.2,58.19 1 1
github.com/gabrielksneiva/blockchains-utils/infra/rpc/clients.go:22.44,28.2 1 1
github.com/gabrielksneiva/blockchains-utils/infra/rpc/clients.go:30.62,32.2 1 1
github.com/gabrielksneiva/blockchains-utils/infra/rpc/clients.go:34.68,38.2 3 1
github.com/gabrielksneiva/blockchains-utils/infra/rpc/clients.go:40.95,43.35 3 1
github.com/gabrielksneiva/blockchains-utils/infra/rpc/clients.go:43.35,45.3 1 1
github.com/gabrielksneiva/blockchains-utils/infra/rpc/clients.go:46.2,46.47 1 1
github.com/gabrielksneiva/blockchains-utils/infra/rpc/clients.go:49.105,52.24 3 1
github.com/gabrielksneiva/blockchains-utils/infra/rpc/clients.go:52.24,54.3 1 0
github.com/gabrielksneiva/blockchains-utils/infra/rpc/clients.go:55.2,55.19 1 1
github.com/gabrielksneiva/blockchains-utils/infra/rpc/clients.go:55.19,57.3 1 1
github.com/gabrielksneiva/blockchains-utils/infra/rpc/clients.go:58.2,61.21 4 1
github.com/gabrielksneiva/blockchains-utils/infra/rpc/clients.go:64.104,67.31 3 1
github.com/gabrielksneiva/blockchains-utils/infra/rpc/clients.go:67.31,69.3 1 1
github.com/gabrielksneiva/blockchains-utils/infra/rpc/clients.go:70.2,70.42 1 0
github.com/gabrielksneiva/blockchains-utils/infra/rpc/clients.go:73.76,77.9 4 1
github.com/gabrielksneiva/blockchains-utils/infra/rpc/clients.go:77.9,79.3 1 0
github.com/gabrielksneiva/blockchains-utils/infra/rpc/clients.go:80.2,82.18 3 1
github.com/gabrielksneiva/blockchains-utils/infra/rpc/clients.go:85.55,89.2 3 1
github.com/gabrielksneiva/blockchains-utils/infra/rpc/clients.go:91.85,95.2 3 1
github.com/gabrielksneiva/blockchains-utils/infra/postgres/logger.go:15.41,17.2 1 1
github.com/gabrielksneiva/blockchains-utils/infra/postgres/logger.go:19.90,20.17 1 1
github.com/gabrielksneiva/blockchains-utils/infra/postgres/logger.go:20.17,22.3 1 1
github.com/gabrielksneiva/blockchains-utils/infra/postgres/logger.go:23.2,24.12 2 1
github.com/gabrielksneiva/blockchains-utils/infra/postgres/logger.go:27.60,28.17 1 1
github.com/gabrielksneiva/blockchains-utils/infra/postgres/logger.go:28.17,30.3 1 1
github.com/gabrielksneiva/blockchains-utils/infra/postgres/logger.go:31.2,32.12 2 1
github.com/gabrielksneiva/blockchains-utils/domain/valueobjects.go:17.44,18.16 1 1
github.com/gabrielksneiva/blockchains-utils/domain/valueobjects.go:18.16,20.6 1 1
github.com/gabrielksneiva/blockchains-utils/domain/valueobjects.go:21.5,22.27 2 1
github.com/gabrielksneiva/blockchains-utils/domain/valueobjects.go:22.27,24.6 1 1
github.com/gabrielksneiva/blockchains-utils/domain/valueobjects.go:25.5,25.27 1 1
github.com/gabrielksneiva/blockchains-utils/domain/valueobjects.go:32.52,33.16 1 1
github.com/gabrielksneiva/blockchains-utils/domain/valueobjects.go:33.16,35.6 1 1
github.com/gabrielksneiva/blockchains-utils/domain/valueobjects.go:36.5,38.12 3 1
github.com/gabrielksneiva/blockchains-utils/domain/valueobjects.go:38.12,40.6 1 1
github.com/gabrielksneiva/blockchains-utils/domain/valueobjects.go:41.5,41.21 1 1
github.com/gabrielksneiva/blockchains-utils/domain/valueobjects.go:41.21,43.6 1 1
github.com/gabrielksneiva/blockchains-utils/domain/valueobjects.go:44.5,44.33 1 1
github.com/gabrielksneiva/blockchains-utils/domain/valueobjects.go:49.42,50.16 1 1
github.com/gabrielksneiva/blockchains-utils/domain/valueobjects.go:50.16,52.6 1 1
github.com/gabrielksneiva/blockchains-utils/domain/valueobjects.go:53.5,53.26 1 1
github.com/gabrielksneiva/blockchains-utils/repositories/bitcoin.go:14.102,16.2 1 1
github.com/gabrielksneiva/blockchains-utils/repositories/bitcoin.go:18.64,20.2 1 1
github.com/gabrielksneiva/blockchains-utils/repositories/common.go:20.55,22.2 1 1
github.com/gabrielksneiva/blockchains-utils/repositories/common.go:24.96,26.2 1 1
github.com/gabrielksneiva/blockchains-utils/repositories/common.go:28.149,41.2 5 1
github.com/gabrielksneiva/blockchains-utils/repositories/common.go:43.108,45.16 2 1
github.com/gabrielksneiva/blockchains-utils/repositories/common.go:45.16,47.3 1 1
github.com/gabrielksneiva/blockchains-utils/repositories/common.go:48.2,48.30 1 1
github.com/gabrielksneiva/blockchains-utils/repositories/common.go:51.107,53.16 2 1
github.com/gabrielksneiva/blockchains-utils/repositories/common.go:53.16,55.3 1 1
github.com/gabrielksneiva/blockchains-utils/repositories/common.go:56.2,56.23 1 1
github.com/gabrielksneiva/blockchains-utils/repositories/common.go:59.104,61.2 1 1
github.com/gabrielksneiva/blockchains-utils/repositories/common.go:63.78,65.2 1 1
github.com/gabrielksneiva/blockchains-utils/repositories/common.go:67.81,70.12 3 1
github.com/gabrielksneiva/blockchains-utils/repositories/common.go:70.12,72.7 2 1
github.com/gabrielksneiva/blockchains-utils/repositories/common.go:72.7,73.11 1 1
github.com/gabrielksneiva/blockchains-utils/repositories/common.go:74.22,75.11 1 1
github.com/gabrielksneiva/blockchains-utils/repositories/common.go:76.23,77.12 1 1
github.com/gabrielksneiva/blockchains-utils/repositories/common.go:77.12,79.6 1 0
github.com/gabrielksneiva/blockchains-utils/repositories/common.go:80.5,80.13 1 1
github.com/gabrielksneiva/blockchains-utils/repositories/common.go:84.2,84.17 1 1
github.com/gabrielksneiva/blockchains-utils/repositories/common.go:90.82,103.2 6 1
github.com/gabrielksneiva/blockchains-utils/repositories/ethereum.go:14.104,16.2 1 1
github.com/gabrielksneiva/blockchains-utils/repositories/ethereum.go:18.65,20.2 1 1
github.com/gabrielksneiva/blockchains-utils/repositories/solana.go:14.100,16.2 1 1
github.com/gabrielksneiva/blockchains-utils/repositories/solana.go:18.63,20.2 1 1
github.com/gabrielksneiva/blockchains-utils/repositories/tron.go:14.96,16.2 1 1
github.com/gabrielksneiva/blockchains-utils/repositories/tron.go:18.61,20.2 1 1
